{
  "collection_errors": [
    {
      "type": "collection_failure",
      "returncode": 2,
      "stderr": ""
    }
  ],
  "import_errors": [
    {
      "module": "src.mcp_server.tools.auth_tools",
      "status": "success"
    },
    {
      "module": "src.mcp_server.tools.analysis_tools",
      "status": "success"
    },
    {
      "module": "src.mcp_server.error_handlers",
      "status": "success"
    },
    {
      "module": "src.mcp_server.validators",
      "status": "success"
    },
    {
      "module": "tests.test_mcp_tools.conftest",
      "status": "success"
    }
  ],
  "test_results": [],
  "summary": {},
  "collection_stdout": "tests/test_actual_components.py::test_actual_components\ntests/test_actual_components.py::test_file_operations\ntests/test_comprehensive_integration.py::TestIPFSKitIntegration::test_ipfs_kit_import\ntests/test_comprehensive_integration.py::TestIPFSKitIntegration::test_storacha_kit_import\ntests/test_comprehensive_integration.py::TestIPFSKitIntegration::test_s3_kit_import\ntests/test_comprehensive_integration.py::TestIPFSKitIntegration::test_high_level_api_import\ntests/test_comprehensive_integration.py::TestIPFSKitIntegration::test_error_classes_import\ntests/test_comprehensive_integration.py::TestIPFSKitIntegration::test_deprecated_storacha_clusters_warning\ntests/test_comprehensive_integration.py::TestIPFSKitIntegration::test_ipfs_kit_instantiation\ntests/test_comprehensive_integration.py::TestIPFSKitIntegration::test_storacha_kit_instantiation\ntests/test_comprehensive_integration.py::TestProjectIntegration::test_main_module_import\ntests/test_comprehensive_integration.py::TestProjectIntegration::test_create_embeddings_integration\ntests/test_comprehensive_integration.py::TestProjectIntegration::test_shard_embeddings_integration\ntests/test_comprehensive_integration.py::TestProjectIntegration::test_ipfs_cluster_index_integration\ntests/test_comprehensive_integration.py::TestFunctionalIntegration::test_ipfs_kit_basic_functionality\ntests/test_comprehensive_integration.py::TestFunctionalIntegration::test_storacha_kit_basic_functionality\ntests/test_comprehensive_integration.py::TestLegacyImportReplacements::test_no_legacy_ipfs_imports_in_main_files\ntests/test_comprehensive_integration.py::TestLegacyImportReplacements::test_ipfs_kit_py_imports_present\ntests/test_comprehensive_integration.py::TestMCPDatasetTools::test_mcp_dataset_tools_import\ntests/test_comprehensive_integration.py::TestMCPDatasetTools::test_mcp_ipfs_functions_import\ntests/test_direct_availability.py::test_component_availability\ntests/test_direct_availability.py::test_class_instantiation\ntests/test_direct_availability.py::test_file_operations\ntests/test_ipfs_kit_advanced.py::TestIPFSKitAdvanced::test_ipfs_kit_configuration_override\ntests/test_ipfs_kit_advanced.py::TestIPFSKitAdvanced::test_ipfs_kit_batch_operations\ntests/test_ipfs_kit_advanced.py::TestIPFSKitAdvanced::test_ipfs_kit_error_handling\ntests/test_ipfs_kit_advanced.py::TestIPFSKitAdvanced::test_ipfs_kit_large_file_handling\ntests/test_ipfs_kit_advanced.py::TestStorachaKitAdvanced::test_storacha_kit_with_credentials\ntests/test_ipfs_kit_advanced.py::TestStorachaKitAdvanced::test_storacha_kit_upload_scenarios\ntests/test_ipfs_kit_advanced.py::TestStorachaKitAdvanced::test_storacha_kit_metadata_handling\ntests/test_ipfs_kit_advanced.py::TestS3KitAdvanced::test_s3_kit_configuration_options\ntests/test_ipfs_kit_advanced.py::TestS3KitAdvanced::test_s3_kit_multipart_upload_simulation\ntests/test_ipfs_kit_advanced.py::TestS3KitAdvanced::test_s3_kit_error_scenarios\ntests/test_ipfs_kit_advanced.py::TestConfigManagerAdvanced::test_config_manager_file_loading\ntests/test_ipfs_kit_advanced.py::TestConfigManagerAdvanced::test_config_manager_environment_override\ntests/test_ipfs_kit_advanced.py::TestConfigManagerAdvanced::test_config_manager_validation\ntests/test_ipfs_kit_advanced.py::TestIntegrationScenarios::test_multi_kit_workflow\ntests/test_ipfs_kit_advanced.py::TestIntegrationScenarios::test_concurrent_operations\ntests/test_ipfs_kit_advanced.py::TestIntegrationScenarios::test_error_recovery_scenarios\ntests/test_ipfs_kit_simplified.py::TestAvailableComponents::test_storacha_kit_import\ntests/test_ipfs_kit_simplified.py::TestAvailableComponents::test_s3_kit_import\ntests/test_ipfs_kit_simplified.py::TestAvailableComponents::test_config_manager_import\ntests/test_ipfs_kit_simplified.py::TestAvailableComponents::test_package_structure\ntests/test_ipfs_kit_simplified.py::TestAvailableComponents::test_configuration_scenarios\ntests/test_ipfs_kit_simplified.py::TestAvailableComponents::test_error_handling_scenarios\ntests/test_ipfs_kit_simplified.py::TestAvailableComponents::test_file_operations_simulation\ntests/test_ipfs_kit_simplified.py::TestIntegrationReadiness::test_project_integration_imports\ntests/test_ipfs_kit_simplified.py::TestIntegrationReadiness::test_configuration_compatibility\ntests/test_mcp_tools/test_admin_monitoring_cache_tools.py::TestAdminTools::test_get_system_status_tool_success\ntests/test_mcp_tools/test_admin_monitoring_cache_tools.py::TestAdminTools::test_restart_service_tool_success\ntests/test_mcp_tools/test_admin_monitoring_cache_tools.py::TestAdminTools::test_cleanup_resources_tool_success\ntests/test_mcp_tools/test_admin_monitoring_cache_tools.py::TestAdminTools::test_update_configuration_tool_success\ntests/test_mcp_tools/test_admin_monitoring_cache_tools.py::TestMonitoringTools::test_get_metrics_tool_success\ntests/test_mcp_tools/test_admin_monitoring_cache_tools.py::TestMonitoringTools::test_create_alert_tool_success\ntests/test_mcp_tools/test_admin_monitoring_cache_tools.py::TestMonitoringTools::test_list_alerts_tool_success\ntests/test_mcp_tools/test_admin_monitoring_cache_tools.py::TestMonitoringTools::test_export_metrics_tool_success\ntests/test_mcp_tools/test_admin_monitoring_cache_tools.py::TestCacheTools::test_get_cache_stats_tool_success\ntests/test_mcp_tools/test_admin_monitoring_cache_tools.py::TestCacheTools::test_clear_cache_tool_success\ntests/test_mcp_tools/test_admin_monitoring_cache_tools.py::TestCacheTools::test_set_cache_config_tool_success\ntests/test_mcp_tools/test_admin_monitoring_cache_tools.py::TestCacheTools::test_warm_cache_tool_success\ntests/test_mcp_tools/test_admin_monitoring_cache_tools.py::TestCacheTools::test_tool_metadata_structure\ntests/test_mcp_tools/test_analysis_tools.py::TestClusterAnalysisTool::test_kmeans_clustering\ntests/test_mcp_tools/test_analysis_tools.py::TestClusterAnalysisTool::test_dbscan_clustering\ntests/test_mcp_tools/test_analysis_tools.py::TestClusterAnalysisTool::test_hierarchical_clustering\ntests/test_mcp_tools/test_analysis_tools.py::TestClusterAnalysisTool::test_invalid_algorithm\ntests/test_mcp_tools/test_analysis_tools.py::TestClusterAnalysisTool::test_empty_data_source\ntests/test_mcp_tools/test_analysis_tools.py::TestClusterAnalysisTool::test_algorithm_parameters[kmeans-expected_params0]\ntests/test_mcp_tools/test_analysis_tools.py::TestClusterAnalysisTool::test_algorithm_parameters[dbscan-expected_params1]\ntests/test_mcp_tools/test_analysis_tools.py::TestClusterAnalysisTool::test_algorithm_parameters[gaussian_mixture-expected_params2]\ntests/test_mcp_tools/test_analysis_tools.py::TestClusterAnalysisTool::test_algorithm_parameters[spectral-expected_params3]\ntests/test_mcp_tools/test_analysis_tools.py::TestQualityAssessmentTool::test_quality_metrics_calculation\ntests/test_mcp_tools/test_analysis_tools.py::TestQualityAssessmentTool::test_outlier_detection\ntests/test_mcp_tools/test_analysis_tools.py::TestQualityAssessmentTool::test_diversity_calculation\ntests/test_mcp_tools/test_analysis_tools.py::TestDimensionalityReductionTool::test_pca_reduction\ntests/test_mcp_tools/test_analysis_tools.py::TestDimensionalityReductionTool::test_umap_reduction\ntests/test_mcp_tools/test_analysis_tools.py::TestDimensionalityReductionTool::test_tsne_reduction\ntests/test_mcp_tools/test_analysis_tools.py::TestDimensionalityReductionTool::test_invalid_method\ntests/test_mcp_tools/test_auth_tools.py::TestAuthenticationTool::test_successful_authentication\ntests/test_mcp_tools/test_auth_tools.py::TestAuthenticationTool::test_authentication_with_invalid_credentials\ntests/test_mcp_tools/test_auth_tools.py::TestAuthenticationTool::test_authentication_with_empty_username\ntests/test_mcp_tools/test_auth_tools.py::TestAuthenticationTool::test_authentication_with_missing_password\ntests/test_mcp_tools/test_auth_tools.py::TestAuthenticationTool::test_mock_authentication_without_service\ntests/test_mcp_tools/test_auth_tools.py::TestAuthenticationTool::test_username_validation\ntests/test_mcp_tools/test_auth_tools.py::TestTokenValidationTool::test_valid_token_validation\ntests/test_mcp_tools/test_auth_tools.py::TestTokenValidationTool::test_invalid_token_validation\ntests/test_mcp_tools/test_auth_tools.py::TestTokenValidationTool::test_malformed_token\ntests/test_mcp_tools/test_auth_tools.py::TestTokenValidationTool::test_token_refresh\ntests/test_mcp_tools/test_auth_tools.py::TestTokenValidationTool::test_token_decode\ntests/test_mcp_tools/test_background_task_tools.py::TestBackgroundTaskStatusTool::test_get_specific_task_status\ntests/test_mcp_tools/test_background_task_tools.py::TestBackgroundTaskStatusTool::test_list_all_tasks\ntests/test_mcp_tools/test_background_task_tools.py::TestBackgroundTaskStatusTool::test_filter_tasks_by_type\ntests/test_mcp_tools/test_background_task_tools.py::TestBackgroundTaskStatusTool::test_filter_tasks_by_status\ntests/test_mcp_tools/test_background_task_tools.py::TestBackgroundTaskStatusTool::test_limit_tasks_returned\ntests/test_mcp_tools/test_background_task_tools.py::TestBackgroundTaskStatusTool::test_nonexistent_task\ntests/test_mcp_tools/test_background_task_tools.py::TestBackgroundTaskStatusTool::test_different_task_types[create_embeddings]\ntests/test_mcp_tools/test_background_task_tools.py::TestBackgroundTaskStatusTool::test_different_task_types[shard_embeddings]\ntests/test_mcp_tools/test_background_task_tools.py::TestBackgroundTaskStatusTool::test_different_task_types[index_sparse]\ntests/test_mcp_tools/test_background_task_tools.py::TestBackgroundTaskStatusTool::test_different_task_types[index_cluster]\ntests/test_mcp_tools/test_background_task_tools.py::TestBackgroundTaskStatusTool::test_different_task_types[storacha_clusters]\ntests/test_mcp_tools/test_background_task_tools.py::TestBackgroundTaskStatusTool::test_different_status_filters[pending]\ntests/test_mcp_tools/test_background_task_tools.py::TestBackgroundTaskStatusTool::test_different_status_filters[running]\ntests/test_mcp_tools/test_background_task_tools.py::TestBackgroundTaskStatusTool::test_different_status_filters[completed]\ntests/test_mcp_tools/test_background_task_tools.py::TestBackgroundTaskStatusTool::test_different_status_filters[failed]\ntests/test_mcp_tools/test_background_task_tools.py::TestBackgroundTaskStatusTool::test_different_status_filters[timeout]\ntests/test_mcp_tools/test_background_task_tools.py::TestBackgroundTaskManagementTool::test_create_task\ntests/test_mcp_tools/test_background_task_tools.py::TestBackgroundTaskManagementTool::test_cancel_task\ntests/test_mcp_tools/test_background_task_tools.py::TestBackgroundTaskManagementTool::test_pause_task\ntests/test_mcp_tools/test_background_task_tools.py::TestBackgroundTaskManagementTool::test_resume_task\ntests/test_mcp_tools/test_background_task_tools.py::TestBackgroundTaskManagementTool::test_restart_task\ntests/test_mcp_tools/test_background_task_tools.py::TestBackgroundTaskManagementTool::test_invalid_action\ntests/test_mcp_tools/test_background_task_tools.py::TestBackgroundTaskManagementTool::test_cancel_nonexistent_task\ntests/test_mcp_tools/test_create_embeddings_tools.py::TestCreateEmbeddingsTools::test_create_embeddings_tool_success\ntests/test_mcp_tools/test_create_embeddings_tools.py::TestCreateEmbeddingsTools::test_create_embeddings_tool_invalid_input\ntests/test_mcp_tools/test_create_embeddings_tools.py::TestCreateEmbeddingsTools::test_create_embeddings_tool_processor_exception\ntests/test_mcp_tools/test_create_embeddings_tools.py::TestCreateEmbeddingsTools::test_batch_create_embeddings_tool_success\ntests/test_mcp_tools/test_create_embeddings_tools.py::TestCreateEmbeddingsTools::test_batch_create_embeddings_tool_partial_failure\ntests/test_mcp_tools/test_create_embeddings_tools.py::TestCreateEmbeddingsTools::test_batch_create_embeddings_tool_empty_configs\ntests/test_mcp_tools/test_create_embeddings_tools.py::TestCreateEmbeddingsTools::test_batch_create_embeddings_tool_exception\ntests/test_mcp_tools/test_create_embeddings_tools.py::TestCreateEmbeddingsTools::test_tool_metadata_structure\ntests/test_mcp_tools/test_create_embeddings_tools.py::TestCreateEmbeddingsTools::test_create_embeddings_tool_with_custom_params\ntests/test_mcp_tools/test_create_embeddings_tools.py::TestCreateEmbeddingsTools::test_create_embeddings_tool_config_objects\ntests/test_mcp_tools/test_embedding_search_storage_tools.py::TestEmbeddingTools::test_create_embeddings_from_text_tool\ntests/test_mcp_tools/test_embedding_search_storage_tools.py::TestEmbeddingTools::test_create_embeddings_from_file_tool\ntests/test_mcp_tools/test_embedding_search_storage_tools.py::TestEmbeddingTools::test_create_embeddings_from_file_tool_invalid_file\ntests/test_mcp_tools/test_embedding_search_storage_tools.py::TestEmbeddingTools::test_batch_create_embeddings_tool\ntests/test_mcp_tools/test_embedding_search_storage_tools.py::TestEmbeddingTools::test_list_available_models_tool\ntests/test_mcp_tools/test_embedding_search_storage_tools.py::TestEmbeddingTools::test_compare_embeddings_tool\ntests/test_mcp_tools/test_embedding_search_storage_tools.py::TestEmbeddingTools::test_tool_metadata_structure\ntests/test_mcp_tools/test_embedding_search_storage_tools.py::TestStorageTools::test_save_embeddings_tool\ntests/test_mcp_tools/test_embedding_search_storage_tools.py::TestStorageTools::test_load_embeddings_tool\ntests/test_mcp_tools/test_embedding_search_storage_tools.py::TestStorageTools::test_load_embeddings_tool_invalid_path\ntests/test_mcp_tools/test_embedding_search_storage_tools.py::TestSearchTools::test_semantic_search_tool\ntests/test_mcp_tools/test_embedding_search_storage_tools.py::TestSearchTools::test_batch_search_tool\ntests/test_mcp_tools/test_embedding_search_storage_tools.py::TestSearchTools::test_search_tool_metadata_structure\ntests/test_mcp_tools/test_index_management_tools.py::TestIndexLoadingTool::test_load_index\ntests/test_mcp_tools/test_index_management_tools.py::TestIndexLoadingTool::test_create_index\ntests/test_mcp_tools/test_index_management_tools.py::TestIndexLoadingTool::test_reload_index\ntests/test_mcp_tools/test_index_management_tools.py::TestIndexLoadingTool::test_unload_index\ntests/test_mcp_tools/test_index_management_tools.py::TestIndexLoadingTool::test_index_status\ntests/test_mcp_tools/test_index_management_tools.py::TestIndexLoadingTool::test_optimize_index\ntests/test_mcp_tools/test_index_management_tools.py::TestIndexLoadingTool::test_invalid_action\ntests/test_mcp_tools/test_index_management_tools.py::TestIndexLoadingTool::test_missing_dataset\ntests/test_mcp_tools/test_index_management_tools.py::TestIndexLoadingTool::test_load_nonexistent_index\ntests/test_mcp_tools/test_index_management_tools.py::TestIndexLoadingTool::test_index_types[HNSW-expected_params0]\ntests/test_mcp_tools/test_index_management_tools.py::TestIndexLoadingTool::test_index_types[IVF-expected_params1]\ntests/test_mcp_tools/test_index_management_tools.py::TestIndexLoadingTool::test_index_types[Flat-expected_params2]\ntests/test_mcp_tools/test_index_management_tools.py::TestIndexLoadingTool::test_index_types[LSH-expected_params3]\ntests/test_mcp_tools/test_ipfs_cluster_tools.py::TestIPFSClusterManagementTool::test_initialize_cluster\ntests/test_mcp_tools/test_ipfs_cluster_tools.py::TestIPFSClusterManagementTool::test_start_cluster\ntests/test_mcp_tools/test_ipfs_cluster_tools.py::TestIPFSClusterManagementTool::test_stop_cluster\ntests/test_mcp_tools/test_ipfs_cluster_tools.py::TestIPFSClusterManagementTool::test_get_cluster_status\ntests/test_mcp_tools/test_ipfs_cluster_tools.py::TestIPFSClusterManagementTool::test_add_peer_to_cluster\ntests/test_mcp_tools/test_ipfs_cluster_tools.py::TestIPFSClusterManagementTool::test_remove_peer_from_cluster\ntests/test_mcp_tools/test_ipfs_cluster_tools.py::TestIPFSClusterManagementTool::test_list_clusters\ntests/test_mcp_tools/test_ipfs_cluster_tools.py::TestIPFSClusterManagementTool::test_cluster_health_check\ntests/test_mcp_tools/test_ipfs_cluster_tools.py::TestIPFSClusterManagementTool::test_invalid_cluster_action\ntests/test_mcp_tools/test_ipfs_cluster_tools.py::TestStorachaIntegrationTool::test_configure_storacha_connection\ntests/test_mcp_tools/test_ipfs_cluster_tools.py::TestStorachaIntegrationTool::test_upload_to_storacha\ntests/test_mcp_tools/test_ipfs_cluster_tools.py::TestStorachaIntegrationTool::test_upload_dataset_to_storacha\ntests/test_mcp_tools/test_ipfs_cluster_tools.py::TestStorachaIntegrationTool::test_retrieve_from_storacha\ntests/test_mcp_tools/test_ipfs_cluster_tools.py::TestStorachaIntegrationTool::test_list_storacha_uploads\ntests/test_mcp_tools/test_ipfs_cluster_tools.py::TestStorachaIntegrationTool::test_get_storacha_space_info\ntests/test_mcp_tools/test_ipfs_cluster_tools.py::TestStorachaIntegrationTool::test_create_storacha_car_file\ntests/test_mcp_tools/test_ipfs_cluster_tools.py::TestStorachaIntegrationTool::test_storacha_invalid_action\ntests/test_mcp_tools/test_ipfs_cluster_tools.py::TestIPFSPinningTool::test_pin_cid\ntests/test_mcp_tools/test_ipfs_cluster_tools.py::TestIPFSPinningTool::test_pin_file\ntests/test_mcp_tools/test_ipfs_cluster_tools.py::TestIPFSPinningTool::test_pin_directory\ntests/test_mcp_tools/test_ipfs_cluster_tools.py::TestIPFSPinningTool::test_unpin_cid\ntests/test_mcp_tools/test_ipfs_cluster_tools.py::TestIPFSPinningTool::test_list_pins\ntests/test_mcp_tools/test_ipfs_cluster_tools.py::TestIPFSPinningTool::test_get_pin_status\ntests/test_mcp_tools/test_ipfs_cluster_tools.py::TestIPFSPinningTool::test_pin_with_cluster\ntests/test_mcp_tools/test_ipfs_cluster_tools.py::TestIPFSPinningTool::test_pin_with_metadata\ntests/test_mcp_tools/test_ipfs_cluster_tools.py::TestIPFSPinningTool::test_bulk_pin_operations\ntests/test_mcp_tools/test_ipfs_cluster_tools.py::TestIPFSPinningTool::test_pinning_invalid_action\ntests/test_mcp_tools/test_ipfs_cluster_tools.py::TestIPFSClusterToolsIntegration::test_complete_ipfs_workflow\ntests/test_mcp_tools/test_ipfs_cluster_tools.py::TestIPFSClusterToolsIntegration::test_embedding_dataset_storage_workflow\ntests/test_mcp_tools/test_ipfs_cluster_tools.py::TestIPFSClusterToolsIntegration::test_distributed_pinning_strategy\ntests/test_mcp_tools/test_ipfs_cluster_tools.py::TestIPFSClusterToolsIntegration::test_ipfs_error_handling_and_recovery\ntests/test_mcp_tools/test_session_management_tools.py::TestSessionManagementTools::test_create_session_tool_success\ntests/test_mcp_tools/test_session_management_tools.py::TestSessionManagementTools::test_create_session_tool_invalid_user\ntests/test_mcp_tools/test_session_management_tools.py::TestSessionManagementTools::test_get_session_tool_success\ntests/test_mcp_tools/test_session_management_tools.py::TestSessionManagementTools::test_get_session_tool_nonexistent\ntests/test_mcp_tools/test_session_management_tools.py::TestSessionManagementTools::test_update_session_tool_success\ntests/test_mcp_tools/test_session_management_tools.py::TestSessionManagementTools::test_end_session_tool_success\ntests/test_mcp_tools/test_session_management_tools.py::TestSessionManagementTools::test_list_sessions_tool_success\ntests/test_mcp_tools/test_session_management_tools.py::TestSessionManagementTools::test_cleanup_expired_sessions_tool_success\ntests/test_mcp_tools/test_session_management_tools.py::TestSessionManagementTools::test_get_session_stats_tool_success\ntests/test_mcp_tools/test_session_management_tools.py::TestSessionManagementTools::test_session_manager_exception\ntests/test_mcp_tools/test_session_management_tools.py::TestSessionManagementTools::test_tool_metadata_structure\ntests/test_mcp_tools/test_session_management_tools.py::TestSessionManagementTools::test_session_validation_functions\ntests/test_mcp_tools/test_session_management_tools.py::TestSessionManagementTools::test_create_session_tool_with_custom_metadata\ntests/test_mcp_tools/test_shard_embeddings_tools.py::TestShardEmbeddingsTools::test_shard_embeddings_tool_success\ntests/test_mcp_tools/test_shard_embeddings_tools.py::TestShardEmbeddingsTools::test_shard_embeddings_tool_invalid_input\ntests/test_mcp_tools/test_shard_embeddings_tools.py::TestShardEmbeddingsTools::test_shard_embeddings_tool_with_options\ntests/test_mcp_tools/test_shard_embeddings_tools.py::TestShardEmbeddingsTools::test_merge_shards_tool_success\ntests/test_mcp_tools/test_shard_embeddings_tools.py::TestShardEmbeddingsTools::test_merge_shards_tool_invalid_directory\ntests/test_mcp_tools/test_shard_embeddings_tools.py::TestShardEmbeddingsTools::test_merge_shards_tool_with_cleanup\ntests/test_mcp_tools/test_shard_embeddings_tools.py::TestShardEmbeddingsTools::test_shard_info_tool_success\ntests/test_mcp_tools/test_shard_embeddings_tools.py::TestShardEmbeddingsTools::test_shard_info_tool_invalid_path\ntests/test_mcp_tools/test_shard_embeddings_tools.py::TestShardEmbeddingsTools::test_shard_embeddings_tool_exception\ntests/test_mcp_tools/test_shard_embeddings_tools.py::TestShardEmbeddingsTools::test_tool_metadata_structure\ntests/test_mcp_tools/test_shard_embeddings_tools.py::TestShardEmbeddingsTools::test_shard_embeddings_tool_config_objects\ntests/test_mcp_tools/test_shard_embeddings_tools.py::TestShardEmbeddingsTools::test_merge_shards_tool_exception_handling\ntests/test_mcp_tools/test_shard_embeddings_tools.py::TestShardEmbeddingsTools::test_shard_info_tool_exception_handling\ntests/test_mcp_tools/test_sparse_embedding_tools.py::TestSparseEmbeddingGenerationTool::test_generate_sparse_embeddings_tfidf\ntests/test_mcp_tools/test_sparse_embedding_tools.py::TestSparseEmbeddingGenerationTool::test_generate_sparse_embeddings_bm25\ntests/test_mcp_tools/test_sparse_embedding_tools.py::TestSparseEmbeddingGenerationTool::test_generate_sparse_embeddings_splade\ntests/test_mcp_tools/test_sparse_embedding_tools.py::TestSparseEmbeddingGenerationTool::test_generate_sparse_embeddings_batch_processing\ntests/test_mcp_tools/test_sparse_embedding_tools.py::TestSparseEmbeddingGenerationTool::test_generate_sparse_embeddings_with_preprocessing\ntests/test_mcp_tools/test_sparse_embedding_tools.py::TestSparseEmbeddingGenerationTool::test_generate_sparse_embeddings_invalid_method\ntests/test_mcp_tools/test_sparse_embedding_tools.py::TestSparseEmbeddingGenerationTool::test_generate_sparse_embeddings_empty_texts\ntests/test_mcp_tools/test_sparse_embedding_tools.py::TestSparseIndexingTool::test_create_sparse_index\ntests/test_mcp_tools/test_sparse_embedding_tools.py::TestSparseIndexingTool::test_add_sparse_embeddings_to_index\ntests/test_mcp_tools/test_sparse_embedding_tools.py::TestSparseIndexingTool::test_build_sparse_index_from_texts\ntests/test_mcp_tools/test_sparse_embedding_tools.py::TestSparseIndexingTool::test_optimize_sparse_index\ntests/test_mcp_tools/test_sparse_embedding_tools.py::TestSparseIndexingTool::test_get_sparse_index_stats\ntests/test_mcp_tools/test_sparse_embedding_tools.py::TestSparseIndexingTool::test_sparse_indexing_invalid_action\ntests/test_mcp_tools/test_sparse_embedding_tools.py::TestSparseSearchTool::test_sparse_search_by_text\ntests/test_mcp_tools/test_sparse_embedding_tools.py::TestSparseSearchTool::test_sparse_search_by_sparse_vector\ntests/test_mcp_tools/test_sparse_embedding_tools.py::TestSparseSearchTool::test_sparse_search_with_filters\ntests/test_mcp_tools/test_sparse_embedding_tools.py::TestSparseSearchTool::test_sparse_search_multiple_methods\ntests/test_mcp_tools/test_sparse_embedding_tools.py::TestSparseSearchTool::test_sparse_search_hybrid_scoring\ntests/test_mcp_tools/test_sparse_embedding_tools.py::TestSparseSearchTool::test_sparse_search_explain_scores\ntests/test_mcp_tools/test_sparse_embedding_tools.py::TestSparseSearchTool::test_sparse_search_aggregated_results\ntests/test_mcp_tools/test_sparse_embedding_tools.py::TestSparseSearchTool::test_sparse_search_nonexistent_index\ntests/test_mcp_tools/test_sparse_embedding_tools.py::TestSparseSearchTool::test_sparse_search_empty_query\ntests/test_mcp_tools/test_sparse_embedding_tools.py::TestSparseEmbeddingToolsIntegration::test_complete_sparse_workflow\ntests/test_mcp_tools/test_sparse_embedding_tools.py::TestSparseEmbeddingToolsIntegration::test_sparse_vs_dense_comparison\ntests/test_mcp_tools/test_sparse_embedding_tools.py::TestSparseEmbeddingToolsIntegration::test_sparse_embedding_persistence\ntests/test_migration_validation.py::TestIPFSKitMigration::test_import_availability\ntests/test_migration_validation.py::TestIPFSKitMigration::test_migration_file_exists\ntests/test_migration_validation.py::TestIPFSKitMigration::test_basic_ipfs_operations\ntests/test_migration_validation.py::TestIPFSKitMigration::test_storacha_operations\ntests/test_migration_validation.py::TestIPFSKitMigration::test_error_handling\ntests/test_migration_validation.py::TestIPFSKitMigration::test_requirements_backup_exists\ntests/test_migration_validation.py::TestIPFSKitMigration::test_deprecated_imports_removed\ntests/test_migration_validation.py::TestMigrationIntegrity::test_project_structure_preserved\ntests/test_migration_validation.py::TestMigrationIntegrity::test_no_broken_imports\ntests/test_migration_validation.py::TestMigrationValidation::test_audit_results_available\ntests/test_migration_validation.py::TestMigrationValidation::test_migration_script_syntax\ntests/test_migration_validation.py::TestMigrationValidation::test_integration_guide_complete\ntests/test_migration_validation.py::test_full_migration_workflow\ntests/test_simple_integration.py::test_basic_imports\ntests/test_simple_integration.py::test_ipfs_kit_py_fallback\ntests/test_simple_integration.py::test_instantiation\n\n==================================== ERRORS ====================================\n_____ ERROR collecting tests/test_mcp_tools/test_data_processing_tools.py ______\n../.local/lib/python3.12/site-packages/transformers/utils/import_utils.py:1778: in _get_module\n    return importlib.import_module(\".\" + module_name, self.__name__)\n/usr/lib/python3.12/importlib/__init__.py:90: in import_module\n    return _bootstrap._gcd_import(name[level:], package, level)\n<frozen importlib._bootstrap>:1387: in _gcd_import\n    ???\n<frozen importlib._bootstrap>:1360: in _find_and_load\n    ???\n<frozen importlib._bootstrap>:1331: in _find_and_load_unlocked\n    ???\n<frozen importlib._bootstrap>:935: in _load_unlocked\n    ???\n<frozen importlib._bootstrap_external>:995: in exec_module\n    ???\n<frozen importlib._bootstrap>:488: in _call_with_frames_removed\n    ???\n../.local/lib/python3.12/site-packages/transformers/models/whisper/processing_whisper.py:19: in <module>\n    from ...processing_utils import ProcessorMixin\n../.local/lib/python3.12/site-packages/transformers/processing_utils.py:33: in <module>\n    from .image_utils import ChannelDimension, is_valid_image, is_vision_available\n../.local/lib/python3.12/site-packages/transformers/image_utils.py:58: in <module>\n    from torchvision.transforms import InterpolationMode\n../.local/lib/python3.12/site-packages/torchvision/__init__.py:10: in <module>\n    from torchvision import _meta_registrations, datasets, io, models, ops, transforms, utils  # usort:skip\n../.local/lib/python3.12/site-packages/torchvision/_meta_registrations.py:163: in <module>\n    @torch.library.register_fake(\"torchvision::nms\")\n../.local/lib/python3.12/site-packages/torch/library.py:1023: in register\n    use_lib._register_fake(op_name, func, _stacklevel=stacklevel + 1)\n../.local/lib/python3.12/site-packages/torch/library.py:214: in _register_fake\n    handle = entry.fake_impl.register(func_to_register, source)\n../.local/lib/python3.12/site-packages/torch/_library/fake_impl.py:31: in register\n    if torch._C._dispatch_has_kernel_for_dispatch_key(self.qualname, \"Meta\"):\nE   RuntimeError: operator torchvision::nms does not exist\n\nThe above exception was the direct cause of the following exception:\ntests/test_mcp_tools/test_data_processing_tools.py:9: in <module>\n    from src.mcp_server.tools.data_processing_tools import (\nsrc/mcp_server/tools/data_processing_tools.py:15: in <module>\n    from ipfs_embeddings_py.ipfs_embeddings import ipfs_embeddings_py\nipfs_embeddings_py/__init__.py:1: in <module>\n    from .ipfs_embeddings import ipfs_embeddings_py\nipfs_embeddings_py/ipfs_embeddings.py:28: in <module>\n    import ipfs_accelerate_py\n../ipfs_accelerate_py/ipfs_accelerate_py/__init__.py:36: in <module>\n    from .worker import worker\n../ipfs_accelerate_py/ipfs_accelerate_py/worker/__init__.py:1: in <module>\n    from .skillset.default_lm import hf_lm\n../ipfs_accelerate_py/ipfs_accelerate_py/worker/skillset/__init__.py:11: in <module>\n    from .hf_whisper import *\n../ipfs_accelerate_py/ipfs_accelerate_py/worker/skillset/hf_whisper.py:21: in <module>\n    from transformers import WhisperProcessor, WhisperTokenizer, WhisperFeatureExtractor\n<frozen importlib._bootstrap>:1412: in _handle_fromlist\n    ???\n../.local/lib/python3.12/site-packages/transformers/utils/import_utils.py:1767: in __getattr__\n    value = getattr(module, name)\n../.local/lib/python3.12/site-packages/transformers/utils/import_utils.py:1766: in __getattr__\n    module = self._get_module(self._class_to_module[name])\n../.local/lib/python3.12/site-packages/transformers/utils/import_utils.py:1780: in _get_module\n    raise RuntimeError(\nE   RuntimeError: Failed to import transformers.models.whisper.processing_whisper because of the following error (look up to see its traceback):\nE   operator torchvision::nms does not exist\n------------------------------- Captured stdout --------------------------------\nconnecting to master\nconnecting to master\n______ ERROR collecting tests/test_mcp_tools/test_rate_limiting_tools.py _______\nImportError while importing test module '/home/barberb/laion-embeddings-1/tests/test_mcp_tools/test_rate_limiting_tools.py'.\nHint: make sure your test modules/packages have valid Python names.\nTraceback:\n/usr/lib/python3.12/importlib/__init__.py:90: in import_module\n    return _bootstrap._gcd_import(name[level:], package, level)\ntests/test_mcp_tools/test_rate_limiting_tools.py:9: in <module>\n    from src.mcp_server.tools.rate_limiting_tools import (\nE   ImportError: cannot import name 'RateLimitBypassTool' from 'src.mcp_server.tools.rate_limiting_tools' (/home/barberb/laion-embeddings-1/src/mcp_server/tools/rate_limiting_tools.py)\n_______ ERROR collecting tests/test_mcp_tools/test_vector_store_tools.py _______\nImportError while importing test module '/home/barberb/laion-embeddings-1/tests/test_mcp_tools/test_vector_store_tools.py'.\nHint: make sure your test modules/packages have valid Python names.\nTraceback:\n/usr/lib/python3.12/importlib/__init__.py:90: in import_module\n    return _bootstrap._gcd_import(name[level:], package, level)\ntests/test_mcp_tools/test_vector_store_tools.py:14: in <module>\n    from src.mcp_server.tools.vector_store_tools import (\nE   ImportError: cannot import name 'add_embeddings_to_store_tool' from 'src.mcp_server.tools.vector_store_tools' (/home/barberb/laion-embeddings-1/src/mcp_server/tools/vector_store_tools.py)\n_________ ERROR collecting tests/test_mcp_tools/test_workflow_tools.py _________\nImportError while importing test module '/home/barberb/laion-embeddings-1/tests/test_mcp_tools/test_workflow_tools.py'.\nHint: make sure your test modules/packages have valid Python names.\nTraceback:\n/usr/lib/python3.12/importlib/__init__.py:90: in import_module\n    return _bootstrap._gcd_import(name[level:], package, level)\ntests/test_mcp_tools/test_workflow_tools.py:14: in <module>\n    from src.mcp_server.tools.workflow_tools import (\nsrc/mcp_server/tools/workflow_tools.py:13: in <module>\n    from shard_embeddings.shard_embeddings import ShardEmbeddingsProcessor\nE   ImportError: cannot import name 'ShardEmbeddingsProcessor' from 'shard_embeddings.shard_embeddings' (/home/barberb/laion-embeddings-1/shard_embeddings/shard_embeddings.py)\n------------------------------- Captured stdout --------------------------------\n\u2713 Successfully imported ipfs_kit from ipfs_kit_py\n=============================== warnings summary ===============================\n../.local/lib/python3.12/site-packages/faiss/loader.py:49\n  /home/barberb/.local/lib/python3.12/site-packages/faiss/loader.py:49: DeprecationWarning: numpy.core._multiarray_umath is deprecated and has been renamed to numpy._core._multiarray_umath. The numpy._core namespace contains private NumPy internals and its use is discouraged, as NumPy internals can change without warning in any release. In practice, most real-world usage of numpy.core is to access functionality in the public NumPy API. If that is the case, use the public NumPy API. If not, you are using NumPy internals. If you would still like to access an internal attribute, use numpy._core._multiarray_umath.__cpu_features__.\n    from numpy.core._multiarray_umath import __cpu_features__\n\n../.local/lib/python3.12/site-packages/pydub/utils.py:14\n  /home/barberb/.local/lib/python3.12/site-packages/pydub/utils.py:14: DeprecationWarning: 'audioop' is deprecated and slated for removal in Python 3.13\n    import audioop\n\n-- Docs: https://docs.pytest.org/en/stable/how-to/capture-warnings.html\n=========================== short test summary info ============================\nERROR tests/test_mcp_tools/test_data_processing_tools.py - RuntimeError: Fail...\nERROR tests/test_mcp_tools/test_rate_limiting_tools.py\nERROR tests/test_mcp_tools/test_vector_store_tools.py\nERROR tests/test_mcp_tools/test_workflow_tools.py\n!!!!!!!!!!!!!!!!!!! Interrupted: 4 errors during collection !!!!!!!!!!!!!!!!!!!!\n245 tests collected, 4 errors in 7.42s\n",
  "collection_stderr": "",
  "collection_returncode": 2,
  "single_test_stdout": "============================= test session starts ==============================\nplatform linux -- Python 3.12.3, pytest-8.3.5, pluggy-1.5.0 -- /usr/bin/python\ncachedir: .pytest_cache\nrootdir: /home/barberb/laion-embeddings-1\nconfigfile: pytest.ini\nplugins: anyio-4.9.0, timeout-2.3.1, asyncio-0.20.3\nasyncio: mode=Mode.STRICT\ncollecting ... collected 11 items\n\ntests/test_mcp_tools/test_auth_tools.py::TestAuthenticationTool::test_successful_authentication FAILED [  9%]\ntests/test_mcp_tools/test_auth_tools.py::TestAuthenticationTool::test_authentication_with_invalid_credentials PASSED [ 18%]\ntests/test_mcp_tools/test_auth_tools.py::TestAuthenticationTool::test_authentication_with_empty_username FAILED [ 27%]\ntests/test_mcp_tools/test_auth_tools.py::TestAuthenticationTool::test_authentication_with_missing_password PASSED [ 36%]\ntests/test_mcp_tools/test_auth_tools.py::TestAuthenticationTool::test_mock_authentication_without_service PASSED [ 45%]\ntests/test_mcp_tools/test_auth_tools.py::TestAuthenticationTool::test_username_validation FAILED [ 54%]\ntests/test_mcp_tools/test_auth_tools.py::TestTokenValidationTool::test_valid_token_validation FAILED [ 63%]\ntests/test_mcp_tools/test_auth_tools.py::TestTokenValidationTool::test_invalid_token_validation FAILED [ 72%]\ntests/test_mcp_tools/test_auth_tools.py::TestTokenValidationTool::test_malformed_token FAILED [ 81%]\ntests/test_mcp_tools/test_auth_tools.py::TestTokenValidationTool::test_token_refresh FAILED [ 90%]\ntests/test_mcp_tools/test_auth_tools.py::TestTokenValidationTool::test_token_decode FAILED [100%]\n\n=================================== FAILURES ===================================\n____________ TestAuthenticationTool.test_successful_authentication _____________\ntests/test_mcp_tools/test_auth_tools.py:53: in test_successful_authentication\n    assert result[\"type\"] == \"authentication\"\nE   KeyError: 'type'\n________ TestAuthenticationTool.test_authentication_with_empty_username ________\ntests/test_mcp_tools/test_auth_tools.py:88: in test_authentication_with_empty_username\n    result = await auth_tool.execute(parameters)\nsrc/mcp_server/tools/auth_tools.py:45: in execute\n    username = validator.validate_text_input(parameters.get(\"username\", \"\"))\nsrc/mcp_server/validators.py:52: in validate_text_input\n    raise ValidationError(\"text\", f\"Text must be at least {min_length} characters long\")\nE   src.mcp_server.error_handlers.ValidationError: Error -32602: Validation failed for parameter 'text': Text must be at least 1 characters long\n_______________ TestAuthenticationTool.test_username_validation ________________\ntests/test_mcp_tools/test_auth_tools.py:128: in test_username_validation\n    with pytest.raises(ValidationError):\nE   Failed: DID NOT RAISE <class 'src.mcp_server.error_handlers.ValidationError'>\n_____________ TestTokenValidationTool.test_valid_token_validation ______________\ntests/test_mcp_tools/test_auth_tools.py:248: in test_valid_token_validation\n    assert result[\"status\"] == \"success\"\nE   KeyError: 'status'\n____________ TestTokenValidationTool.test_invalid_token_validation _____________\ntests/test_mcp_tools/test_auth_tools.py:257: in test_invalid_token_validation\n    token_tool.token_service.validate_token.return_value = {\nE   AttributeError: 'TokenValidationTool' object has no attribute 'token_service'\n_________________ TestTokenValidationTool.test_malformed_token _________________\ntests/test_mcp_tools/test_auth_tools.py:275: in test_malformed_token\n    token_tool.token_service.validate_token.side_effect = Exception(\"Malformed token\")\nE   AttributeError: 'TokenValidationTool' object has no attribute 'token_service'\n__________________ TestTokenValidationTool.test_token_refresh __________________\ntests/test_mcp_tools/test_auth_tools.py:289: in test_token_refresh\n    token_tool.token_service.refresh_token = AsyncMock(return_value={\nE   AttributeError: 'TokenValidationTool' object has no attribute 'token_service'\n__________________ TestTokenValidationTool.test_token_decode ___________________\ntests/test_mcp_tools/test_auth_tools.py:317: in test_token_decode\n    assert result[\"status\"] == \"success\"\nE   KeyError: 'status'\n=============================== warnings summary ===============================\ntests/test_mcp_tools/test_auth_tools.py::TestAuthenticationTool::test_successful_authentication\n  /usr/lib/python3.12/importlib/__init__.py:90: DeprecationWarning: storacha_clusters module is deprecated. Use ipfs_kit_py.storacha_kit instead. See docs/IPFS_KIT_INTEGRATION_GUIDE.md for migration instructions.\n    return _bootstrap._gcd_import(name[level:], package, level)\n\ntests/test_mcp_tools/test_auth_tools.py: 11 warnings\n  /home/barberb/laion-embeddings-1/src/mcp_server/tool_registry.py:24: DeprecationWarning: datetime.datetime.utcnow() is deprecated and scheduled for removal in a future version. Use timezone-aware objects to represent datetimes in UTC: datetime.datetime.now(datetime.UTC).\n    self.created_at = datetime.utcnow()\n\ntests/test_mcp_tools/test_auth_tools.py::TestAuthenticationTool::test_authentication_with_empty_username\ntests/test_mcp_tools/test_auth_tools.py::TestAuthenticationTool::test_authentication_with_missing_password\n  /home/barberb/laion-embeddings-1/src/mcp_server/error_handlers.py:16: DeprecationWarning: datetime.datetime.utcnow() is deprecated and scheduled for removal in a future version. Use timezone-aware objects to represent datetimes in UTC: datetime.datetime.now(datetime.UTC).\n    self.timestamp = datetime.utcnow().isoformat()\n\n-- Docs: https://docs.pytest.org/en/stable/how-to/capture-warnings.html\n=========================== short test summary info ============================\nFAILED tests/test_mcp_tools/test_auth_tools.py::TestAuthenticationTool::test_successful_authentication\nFAILED tests/test_mcp_tools/test_auth_tools.py::TestAuthenticationTool::test_authentication_with_empty_username\nFAILED tests/test_mcp_tools/test_auth_tools.py::TestAuthenticationTool::test_username_validation\nFAILED tests/test_mcp_tools/test_auth_tools.py::TestTokenValidationTool::test_valid_token_validation\nFAILED tests/test_mcp_tools/test_auth_tools.py::TestTokenValidationTool::test_invalid_token_validation\nFAILED tests/test_mcp_tools/test_auth_tools.py::TestTokenValidationTool::test_malformed_token\nFAILED tests/test_mcp_tools/test_auth_tools.py::TestTokenValidationTool::test_token_refresh\nFAILED tests/test_mcp_tools/test_auth_tools.py::TestTokenValidationTool::test_token_decode\n=================== 8 failed, 3 passed, 14 warnings in 0.65s ===================\n",
  "single_test_stderr": "",
  "single_test_returncode": 1
}